<?xml version="1.0" encoding="UTF-8"?>
<!-- Generated by org.testng.reporters.JUnitReportReporter -->
<testsuite hostname="AMINJAMAL" failures="0" tests="2" name="com.cucumber.bdd.practice.Runner" time="10.158" errors="0" timestamp="2023-12-31T02:18:52 GMT-05:00" skipped="0">
  <testcase classname="com.cucumber.bdd.practice.Runner" name="test1" time="0.001"/>
  <system-out/>
  <testcase classname="com.cucumber.bdd.practice.Runner" name="runScenario" time="10.157"/>
  <system-out/>
</testsuite> <!-- com.cucumber.bdd.practice.Runner -->
