<?xml version="1.0" encoding="UTF-8"?>
<!-- Generated by org.testng.reporters.JUnitReportReporter -->
<testsuite hostname="AMINJAMAL" failures="0" tests="2" name="com.TestNGPractice" time="0.020" errors="0" timestamp="2023-12-27T22:47:44 GMT-05:00" skipped="0">
  <testcase classname="com.TestNGPractice" name="getLogin" time="0.011"/>
  <system-out/>
  <testcase classname="com.TestNGPractice" name="getPayment" time="0.009"/>
  <system-out/>
</testsuite> <!-- com.TestNGPractice -->
