<?xml version="1.0" encoding="UTF-8"?>
<!-- Generated by org.testng.reporters.JUnitReportReporter -->
<testsuite hostname="AMINJAMAL" failures="0" tests="3" name="com.regration.TestRunWithTestNG" time="18.337" errors="0" timestamp="2023-12-27T01:29:13 GMT-05:00" skipped="0">
  <testcase classname="com.regration.TestRunWithTestNG" name="getLogin" time="18.332"/>
  <system-out/>
  <testcase classname="com.regration.TestRunWithTestNG" name="getProduct" time="0.001"/>
  <system-out/>
  <testcase classname="com.regration.TestRunWithTestNG" name="getPayment" time="0.004"/>
  <system-out/>
</testsuite> <!-- com.regration.TestRunWithTestNG -->
