<?xml version="1.0" encoding="UTF-8"?>
<!-- Generated by org.testng.reporters.JUnitReportReporter -->
<testsuite hostname="AMINJAMAL" failures="0" tests="1" name="com.regration.TestRunWithTestNGLogin" time="16.429" errors="0" timestamp="2023-12-28T20:39:11 GMT-05:00" skipped="0">
  <testcase classname="com.regration.TestRunWithTestNGLogin" name="getLogin" time="16.429"/>
  <system-out/>
</testsuite> <!-- com.regration.TestRunWithTestNGLogin -->
