<?xml version="1.0" encoding="UTF-8"?>
<!-- Generated by org.testng.reporters.JUnitReportReporter -->
<testsuite hostname="AMINJAMAL" failures="0" tests="1" name="com.regration.TestRunWithTestNGPayment" time="0.011" errors="0" timestamp="2023-12-28T20:39:11 GMT-05:00" skipped="0">
  <testcase classname="com.regration.TestRunWithTestNGPayment" name="getPayment" time="0.011"/>
  <system-out/>
</testsuite> <!-- com.regration.TestRunWithTestNGPayment -->
