<?xml version="1.0" encoding="UTF-8"?>
<!-- Generated by org.testng.reporters.JUnitReportReporter -->
<testsuite hostname="AMINJAMAL" failures="0" tests="1" name="com.smoke.FunctionalTest" time="0.002" errors="0" timestamp="2023-12-28T20:39:11 GMT-05:00" skipped="0">
  <testcase classname="com.smoke.FunctionalTest" name="getFunction" time="0.002"/>
  <system-out/>
</testsuite> <!-- com.smoke.FunctionalTest -->
